C51 COMPILER V9.60.0.0   MAIN                                                              04/04/2021 18:07:25 PAGE 1   


C51 COMPILER V9.60.0.0, COMPILATION OF MODULE MAIN
OBJECT MODULE PLACED IN .\Objects\main.obj
COMPILER INVOKED BY: E:\C51\BIN\C51.EXE main.c OPTIMIZE(8,SPEED) BROWSE DEBUG OBJECTEXTEND PRINT(.\Listings\main.lst) TA
                    -BS(2) OBJECT(.\Objects\main.obj)

line level    source

   1          #include <at89c5131.h>
   2          #include "lcd.h"
   3          #include "mcp3008.h"
   4          
   5          char adc_ip_data_ascii[6]={0,0,0,'\0'};
   6          code unsigned char display_msg2[]="Ave. Temp:  ";
   7          char display_msg1[]={0,0,'.',0,',',' ','\0'};
   8          unsigned int temp[]={0,0,0,0,0,0,0,0,0,0};
   9          
  10          void right_rotate(unsigned int A[], int x)
  11          {
  12   1        int i;
  13   1        int t;
  14   1        for(i=0; i<9; i++)
  15   1        {
  16   2          t = A[i];
  17   2          A[i] = A[i+1];
  18   2          A[i+1] = t;
  19   2        }
  20   1        A[9] = x;
  21   1      }
  22          
  23          void temp_display(int x)
  24          {
  25   1        int_to_string(x,adc_ip_data_ascii);
  26   1        display_msg1[0] = adc_ip_data_ascii[0];
  27   1        display_msg1[1] = adc_ip_data_ascii[1];
  28   1        display_msg1[3] = adc_ip_data_ascii[2];
  29   1        lcd_write_string(display_msg1);
  30   1      }
  31          
  32          unsigned int average(unsigned int A[])
  33          {
  34   1        unsigned int avg=0;
  35   1        int i;
  36   1        for(i=0; i<10; i++)
  37   1          avg += A[i];
  38   1        avg /= 10;
  39   1        return avg;
  40   1      }
  41          
  42          void alarm(void)
  43          {
  44   1        int i;
  45   1        for(i=0; i<250; i++)
  46   1        {
  47   2          P0 = 0x01;
  48   2          msdelay(1);
  49   2          P0 = 0x00;
  50   2          msdelay(1);
  51   2        }
  52   1      }
  53          
  54          int blink_led(int flag)
C51 COMPILER V9.60.0.0   MAIN                                                              04/04/2021 18:07:25 PAGE 2   

  55          {
  56   1        
  57   1        P3 = 0x03;
  58   1        alarm();
  59   1        P3 = 0x00;
  60   1        alarm();
  61   1        return (flag+1)%4;
  62   1      }
  63          
  64          void main(void)
  65          {
  66   1        int flag=0;
  67   1        unsigned int adc_data=0;
  68   1        unsigned int x;
  69   1        float temperature;
  70   1        P3 = 0x00; // Initially leds are on 
  71   1        
  72   1        spi_init();                                         
  73   1        adc_init();
  74   1        lcd_init();
  75   1        
  76   1        while(1)
  77   1        {
  78   2          x = adc(7);
  79   2          temperature = (x*0.32258);
  80   2          x = (unsigned int) (temperature*10.0);
  81   2      
  82   2          right_rotate(temp, x);
  83   2          
  84   2          lcd_cmd(0x80);
  85   2          temp_display(temp[9]);
  86   2          temp_display(temp[8]);
  87   2          temp_display(temp[7]);
  88   2          
  89   2          if(flag == 0)
  90   2          {
  91   3            lcd_cmd(0xC0);
  92   3            lcd_write_string(display_msg2);
  93   3            x = average(temp);
  94   3            temp_display(x);
  95   3          
  96   3            if(temp[9]<(x-20) || temp[9]>(x+20))
  97   3              flag = blink_led(flag);
  98   3            else
  99   3              msdelay(1000);
 100   3          }
 101   2          else
 102   2            flag = blink_led(flag);
 103   2        }
 104   1      }


MODULE INFORMATION:   STATIC OVERLAYABLE
   CODE SIZE        =   1003    ----
   CONSTANT SIZE    =     13    ----
   XDATA SIZE       =   ----    ----
   PDATA SIZE       =   ----    ----
   DATA SIZE        =     34      44
   IDATA SIZE       =   ----    ----
   BIT SIZE         =      1    ----
END OF MODULE INFORMATION.


C51 COMPILATION COMPLETE.  0 WARNING(S),  0 ERROR(S)
